<?xml version="1.0" encoding="UTF-8"?><testsuite errors="0" failures="1" name="io.cucumber.core.plugin.JUnitFormatter" skipped="0" tests="1" time="11.629">
<testcase classname="To Validate the login page of salesforce" name="valid login" time="10.97">
<failure message="Compound class names not permitted&#10;For documentation on this error, please visit: https://selenium.dev/exceptions/#invalid_selector_exception&#10;Build info: version: '4.3.0', revision: 'a4995e2c09*'&#10;System info: host: 'VOYAGEOFARAVINT', ip: '192.168.241.20', os.name: 'Windows 10', os.arch: 'amd64', os.version: '10.0', java.version: '1.8.0_192'&#10;Driver info: driver.version: unknown" type="org.openqa.selenium.InvalidSelectorException"><![CDATA[Given User Navigates to the salesforce......................................passed
When User Enter the us "Aravinth" and pw "abc"..............................passed
And User clicks the login button............................................failed
Then user navigate to homepage..............................................skipped

StackTrace:
org.openqa.selenium.InvalidSelectorException: Compound class names not permitted
For documentation on this error, please visit: https://selenium.dev/exceptions/#invalid_selector_exception
Build info: version: '4.3.0', revision: 'a4995e2c09*'
System info: host: 'VOYAGEOFARAVINT', ip: '192.168.241.20', os.name: 'Windows 10', os.arch: 'amd64', os.version: '10.0', java.version: '1.8.0_192'
Driver info: driver.version: unknown
	at org.openqa.selenium.By$ByClassName.<init>(By.java:310)
	at org.openqa.selenium.By.className(By.java:100)
	at com.xyz.stepdefination.SalesForceValidationSteps.clickLogin(SalesForceValidationSteps.java:260)
	at âœ½.User clicks the login button(file:///D:/Selenium/Automation9PM/src/test/resources/com.xyz.featurefile/SalesforceValidation.feature:14)
]]></failure>
</testcase>
</testsuite>
